[2016-09-30T10:58:59-03:00] - CRAWLING ind
[2016-09-30T10:58:59-03:00] - crawling URL: http://mail.camara.rj.gov.br/APL/Legislativos/scpro1316.nsf/Internet/IndInt?OpenForm&Start=1
[2016-09-30T10:58:59-03:00] - SUCCESS: 100 projects
[2016-09-30T10:58:59-03:00] - next URL is OK: http://mail.camara.rj.gov.br/APL/Legislativos/scpro1316.nsf/Internet/IndInt?OpenForm&Start=100
[2016-09-30T10:58:59-03:00] - sleeping for 5sec...
[2016-09-30T10:59:04-03:00] - crawling URL: http://mail.camara.rj.gov.br/APL/Legislativos/scpro1316.nsf/Internet/IndInt?OpenForm&Start=100
[2016-09-30T10:59:04-03:00] - SUCCESS: 100 projects
[2016-09-30T10:59:04-03:00] - next URL is OK: http://mail.camara.rj.gov.br/APL/Legislativos/scpro1316.nsf/Internet/IndInt?OpenForm&Start=199
[2016-09-30T10:59:04-03:00] - sleeping for 5sec...
[2016-09-30T10:59:09-03:00] - crawling URL: http://mail.camara.rj.gov.br/APL/Legislativos/scpro1316.nsf/Internet/IndInt?OpenForm&Start=199
[2016-09-30T10:59:10-03:00] - SUCCESS: 100 projects
[2016-09-30T10:59:10-03:00] - next URL is OK: http://mail.camara.rj.gov.br/APL/Legislativos/scpro1316.nsf/Internet/IndInt?OpenForm&Start=298
[2016-09-30T10:59:10-03:00] - sleeping for 5sec...
[2016-09-30T10:59:15-03:00] - crawling URL: http://mail.camara.rj.gov.br/APL/Legislativos/scpro1316.nsf/Internet/IndInt?OpenForm&Start=298
[2016-09-30T10:59:15-03:00] - SUCCESS: 100 projects
[2016-09-30T10:59:15-03:00] - next URL is OK: http://mail.camara.rj.gov.br/APL/Legislativos/scpro1316.nsf/Internet/IndInt?OpenForm&Start=397
[2016-09-30T10:59:15-03:00] - sleeping for 5sec...
[2016-09-30T10:59:20-03:00] - crawling URL: http://mail.camara.rj.gov.br/APL/Legislativos/scpro1316.nsf/Internet/IndInt?OpenForm&Start=397
[2016-09-30T10:59:21-03:00] - SUCCESS: 100 projects
[2016-09-30T10:59:21-03:00] - next URL is OK: http://mail.camara.rj.gov.br/APL/Legislativos/scpro1316.nsf/Internet/IndInt?OpenForm&Start=496
[2016-09-30T10:59:21-03:00] - sleeping for 5sec...
[2016-09-30T10:59:26-03:00] - crawling URL: http://mail.camara.rj.gov.br/APL/Legislativos/scpro1316.nsf/Internet/IndInt?OpenForm&Start=496
[2016-09-30T10:59:26-03:00] - SUCCESS: 100 projects
[2016-09-30T10:59:26-03:00] - next URL is OK: http://mail.camara.rj.gov.br/APL/Legislativos/scpro1316.nsf/Internet/IndInt?OpenForm&Start=595
[2016-09-30T10:59:26-03:00] - sleeping for 5sec...
[2016-09-30T10:59:31-03:00] - crawling URL: http://mail.camara.rj.gov.br/APL/Legislativos/scpro1316.nsf/Internet/IndInt?OpenForm&Start=595
[2016-09-30T10:59:31-03:00] - SUCCESS: 100 projects
[2016-09-30T10:59:31-03:00] - next URL is OK: http://mail.camara.rj.gov.br/APL/Legislativos/scpro1316.nsf/Internet/IndInt?OpenForm&Start=694
[2016-09-30T10:59:31-03:00] - sleeping for 5sec...
[2016-09-30T10:59:36-03:00] - crawling URL: http://mail.camara.rj.gov.br/APL/Legislativos/scpro1316.nsf/Internet/IndInt?OpenForm&Start=694
[2016-09-30T10:59:37-03:00] - SUCCESS: 100 projects
[2016-09-30T10:59:37-03:00] - next URL is OK: http://mail.camara.rj.gov.br/APL/Legislativos/scpro1316.nsf/Internet/IndInt?OpenForm&Start=793
[2016-09-30T10:59:37-03:00] - sleeping for 5sec...
[2016-09-30T10:59:42-03:00] - crawling URL: http://mail.camara.rj.gov.br/APL/Legislativos/scpro1316.nsf/Internet/IndInt?OpenForm&Start=793
[2016-09-30T10:59:42-03:00] - SUCCESS: 100 projects
[2016-09-30T10:59:42-03:00] - next URL is OK: http://mail.camara.rj.gov.br/APL/Legislativos/scpro1316.nsf/Internet/IndInt?OpenForm&Start=892
[2016-09-30T10:59:42-03:00] - sleeping for 5sec...
[2016-09-30T10:59:47-03:00] - crawling URL: http://mail.camara.rj.gov.br/APL/Legislativos/scpro1316.nsf/Internet/IndInt?OpenForm&Start=892
[2016-09-30T10:59:48-03:00] - SUCCESS: 100 projects
[2016-09-30T10:59:48-03:00] - next URL is OK: http://mail.camara.rj.gov.br/APL/Legislativos/scpro1316.nsf/Internet/IndInt?OpenForm&Start=991
[2016-09-30T10:59:48-03:00] - sleeping for 5sec...
[2016-09-30T10:59:53-03:00] - crawling URL: http://mail.camara.rj.gov.br/APL/Legislativos/scpro1316.nsf/Internet/IndInt?OpenForm&Start=991
[2016-09-30T10:59:53-03:00] - SUCCESS: 100 projects
[2016-09-30T10:59:53-03:00] - next URL is OK: http://mail.camara.rj.gov.br/APL/Legislativos/scpro1316.nsf/Internet/IndInt?OpenForm&Start=1090
[2016-09-30T10:59:53-03:00] - sleeping for 5sec...
[2016-09-30T10:59:58-03:00] - crawling URL: http://mail.camara.rj.gov.br/APL/Legislativos/scpro1316.nsf/Internet/IndInt?OpenForm&Start=1090
[2016-09-30T10:59:59-03:00] - SUCCESS: 100 projects
[2016-09-30T10:59:59-03:00] - next URL is OK: http://mail.camara.rj.gov.br/APL/Legislativos/scpro1316.nsf/Internet/IndInt?OpenForm&Start=1189
[2016-09-30T10:59:59-03:00] - sleeping for 5sec...
[2016-09-30T11:00:04-03:00] - crawling URL: http://mail.camara.rj.gov.br/APL/Legislativos/scpro1316.nsf/Internet/IndInt?OpenForm&Start=1189
[2016-09-30T11:00:04-03:00] - SUCCESS: 100 projects
[2016-09-30T11:00:04-03:00] - next URL is OK: http://mail.camara.rj.gov.br/APL/Legislativos/scpro1316.nsf/Internet/IndInt?OpenForm&Start=1288
[2016-09-30T11:00:04-03:00] - sleeping for 5sec...
[2016-09-30T11:00:09-03:00] - crawling URL: http://mail.camara.rj.gov.br/APL/Legislativos/scpro1316.nsf/Internet/IndInt?OpenForm&Start=1288
[2016-09-30T11:00:10-03:00] - SUCCESS: 100 projects
[2016-09-30T11:00:10-03:00] - next URL is OK: http://mail.camara.rj.gov.br/APL/Legislativos/scpro1316.nsf/Internet/IndInt?OpenForm&Start=1387
[2016-09-30T11:00:10-03:00] - sleeping for 5sec...
[2016-09-30T11:00:15-03:00] - crawling URL: http://mail.camara.rj.gov.br/APL/Legislativos/scpro1316.nsf/Internet/IndInt?OpenForm&Start=1387
[2016-09-30T11:00:15-03:00] - SUCCESS: 100 projects
[2016-09-30T11:00:15-03:00] - next URL is OK: http://mail.camara.rj.gov.br/APL/Legislativos/scpro1316.nsf/Internet/IndInt?OpenForm&Start=1486
[2016-09-30T11:00:15-03:00] - sleeping for 5sec...
[2016-09-30T11:00:20-03:00] - crawling URL: http://mail.camara.rj.gov.br/APL/Legislativos/scpro1316.nsf/Internet/IndInt?OpenForm&Start=1486
[2016-09-30T11:00:21-03:00] - SUCCESS: 100 projects
[2016-09-30T11:00:21-03:00] - next URL is OK: http://mail.camara.rj.gov.br/APL/Legislativos/scpro1316.nsf/Internet/IndInt?OpenForm&Start=1585
[2016-09-30T11:00:21-03:00] - sleeping for 5sec...
[2016-09-30T11:00:26-03:00] - crawling URL: http://mail.camara.rj.gov.br/APL/Legislativos/scpro1316.nsf/Internet/IndInt?OpenForm&Start=1585
[2016-09-30T11:00:26-03:00] - SUCCESS: 100 projects
[2016-09-30T11:00:26-03:00] - next URL is OK: http://mail.camara.rj.gov.br/APL/Legislativos/scpro1316.nsf/Internet/IndInt?OpenForm&Start=1684
[2016-09-30T11:00:26-03:00] - sleeping for 5sec...
[2016-09-30T11:00:31-03:00] - crawling URL: http://mail.camara.rj.gov.br/APL/Legislativos/scpro1316.nsf/Internet/IndInt?OpenForm&Start=1684
[2016-09-30T11:00:32-03:00] - SUCCESS: 100 projects
[2016-09-30T11:00:32-03:00] - next URL is OK: http://mail.camara.rj.gov.br/APL/Legislativos/scpro1316.nsf/Internet/IndInt?OpenForm&Start=1783
[2016-09-30T11:00:32-03:00] - sleeping for 5sec...
[2016-09-30T11:00:37-03:00] - crawling URL: http://mail.camara.rj.gov.br/APL/Legislativos/scpro1316.nsf/Internet/IndInt?OpenForm&Start=1783
[2016-09-30T11:00:37-03:00] - SUCCESS: 100 projects
[2016-09-30T11:00:37-03:00] - next URL is OK: http://mail.camara.rj.gov.br/APL/Legislativos/scpro1316.nsf/Internet/IndInt?OpenForm&Start=1882
[2016-09-30T11:00:37-03:00] - sleeping for 5sec...
[2016-09-30T11:00:42-03:00] - crawling URL: http://mail.camara.rj.gov.br/APL/Legislativos/scpro1316.nsf/Internet/IndInt?OpenForm&Start=1882
[2016-09-30T11:00:43-03:00] - SUCCESS: 100 projects
[2016-09-30T11:00:43-03:00] - next URL is OK: http://mail.camara.rj.gov.br/APL/Legislativos/scpro1316.nsf/Internet/IndInt?OpenForm&Start=1981
[2016-09-30T11:00:43-03:00] - sleeping for 5sec...
[2016-09-30T11:00:48-03:00] - crawling URL: http://mail.camara.rj.gov.br/APL/Legislativos/scpro1316.nsf/Internet/IndInt?OpenForm&Start=1981
[2016-09-30T11:00:48-03:00] - SUCCESS: 100 projects
[2016-09-30T11:00:48-03:00] - next URL is OK: http://mail.camara.rj.gov.br/APL/Legislativos/scpro1316.nsf/Internet/IndInt?OpenForm&Start=2080
[2016-09-30T11:00:48-03:00] - sleeping for 5sec...
[2016-09-30T11:00:53-03:00] - crawling URL: http://mail.camara.rj.gov.br/APL/Legislativos/scpro1316.nsf/Internet/IndInt?OpenForm&Start=2080
[2016-09-30T11:00:55-03:00] - SUCCESS: 100 projects
[2016-09-30T11:00:55-03:00] - next URL is OK: http://mail.camara.rj.gov.br/APL/Legislativos/scpro1316.nsf/Internet/IndInt?OpenForm&Start=2179
[2016-09-30T11:00:55-03:00] - sleeping for 5sec...
[2016-09-30T11:01:00-03:00] - crawling URL: http://mail.camara.rj.gov.br/APL/Legislativos/scpro1316.nsf/Internet/IndInt?OpenForm&Start=2179
[2016-09-30T11:01:03-03:00] - SUCCESS: 100 projects
[2016-09-30T11:01:03-03:00] - next URL is OK: http://mail.camara.rj.gov.br/APL/Legislativos/scpro1316.nsf/Internet/IndInt?OpenForm&Start=2278
[2016-09-30T11:01:03-03:00] - sleeping for 5sec...
[2016-09-30T11:01:08-03:00] - crawling URL: http://mail.camara.rj.gov.br/APL/Legislativos/scpro1316.nsf/Internet/IndInt?OpenForm&Start=2278
[2016-09-30T11:01:11-03:00] - SUCCESS: 100 projects
[2016-09-30T11:01:11-03:00] - next URL is OK: http://mail.camara.rj.gov.br/APL/Legislativos/scpro1316.nsf/Internet/IndInt?OpenForm&Start=2377
[2016-09-30T11:01:11-03:00] - sleeping for 5sec...
[2016-09-30T11:01:16-03:00] - crawling URL: http://mail.camara.rj.gov.br/APL/Legislativos/scpro1316.nsf/Internet/IndInt?OpenForm&Start=2377
[2016-09-30T11:01:17-03:00] - SUCCESS: 100 projects
[2016-09-30T11:01:17-03:00] - next URL is OK: http://mail.camara.rj.gov.br/APL/Legislativos/scpro1316.nsf/Internet/IndInt?OpenForm&Start=2476
[2016-09-30T11:01:17-03:00] - sleeping for 5sec...
[2016-09-30T11:01:22-03:00] - crawling URL: http://mail.camara.rj.gov.br/APL/Legislativos/scpro1316.nsf/Internet/IndInt?OpenForm&Start=2476
[2016-09-30T11:01:22-03:00] - SUCCESS: 100 projects
[2016-09-30T11:01:22-03:00] - next URL is OK: http://mail.camara.rj.gov.br/APL/Legislativos/scpro1316.nsf/Internet/IndInt?OpenForm&Start=2575
[2016-09-30T11:01:22-03:00] - sleeping for 5sec...
[2016-09-30T11:01:27-03:00] - crawling URL: http://mail.camara.rj.gov.br/APL/Legislativos/scpro1316.nsf/Internet/IndInt?OpenForm&Start=2575
[2016-09-30T11:01:27-03:00] - SUCCESS: 100 projects
[2016-09-30T11:01:27-03:00] - next URL is OK: http://mail.camara.rj.gov.br/APL/Legislativos/scpro1316.nsf/Internet/IndInt?OpenForm&Start=2674
[2016-09-30T11:01:27-03:00] - sleeping for 5sec...
[2016-09-30T11:01:32-03:00] - crawling URL: http://mail.camara.rj.gov.br/APL/Legislativos/scpro1316.nsf/Internet/IndInt?OpenForm&Start=2674
[2016-09-30T11:01:33-03:00] - SUCCESS: 100 projects
[2016-09-30T11:01:33-03:00] - next URL is OK: http://mail.camara.rj.gov.br/APL/Legislativos/scpro1316.nsf/Internet/IndInt?OpenForm&Start=2773
[2016-09-30T11:01:33-03:00] - sleeping for 5sec...
[2016-09-30T11:01:38-03:00] - crawling URL: http://mail.camara.rj.gov.br/APL/Legislativos/scpro1316.nsf/Internet/IndInt?OpenForm&Start=2773
[2016-09-30T11:01:39-03:00] - SUCCESS: 100 projects
[2016-09-30T11:01:39-03:00] - next URL is OK: http://mail.camara.rj.gov.br/APL/Legislativos/scpro1316.nsf/Internet/IndInt?OpenForm&Start=2872
[2016-09-30T11:01:39-03:00] - sleeping for 5sec...
[2016-09-30T11:01:44-03:00] - crawling URL: http://mail.camara.rj.gov.br/APL/Legislativos/scpro1316.nsf/Internet/IndInt?OpenForm&Start=2872
[2016-09-30T11:01:44-03:00] - SUCCESS: 100 projects
[2016-09-30T11:01:44-03:00] - next URL is OK: http://mail.camara.rj.gov.br/APL/Legislativos/scpro1316.nsf/Internet/IndInt?OpenForm&Start=2971
[2016-09-30T11:01:44-03:00] - sleeping for 5sec...
[2016-09-30T11:01:49-03:00] - crawling URL: http://mail.camara.rj.gov.br/APL/Legislativos/scpro1316.nsf/Internet/IndInt?OpenForm&Start=2971
[2016-09-30T11:01:51-03:00] - SUCCESS: 100 projects
[2016-09-30T11:01:51-03:00] - next URL is OK: http://mail.camara.rj.gov.br/APL/Legislativos/scpro1316.nsf/Internet/IndInt?OpenForm&Start=3070
[2016-09-30T11:01:51-03:00] - sleeping for 5sec...
[2016-09-30T11:01:56-03:00] - crawling URL: http://mail.camara.rj.gov.br/APL/Legislativos/scpro1316.nsf/Internet/IndInt?OpenForm&Start=3070
[2016-09-30T11:01:57-03:00] - SUCCESS: 100 projects
[2016-09-30T11:01:57-03:00] - next URL is OK: http://mail.camara.rj.gov.br/APL/Legislativos/scpro1316.nsf/Internet/IndInt?OpenForm&Start=3169
[2016-09-30T11:01:57-03:00] - sleeping for 5sec...
[2016-09-30T11:02:02-03:00] - crawling URL: http://mail.camara.rj.gov.br/APL/Legislativos/scpro1316.nsf/Internet/IndInt?OpenForm&Start=3169
[2016-09-30T11:02:02-03:00] - SUCCESS: 100 projects
[2016-09-30T11:02:02-03:00] - next URL is OK: http://mail.camara.rj.gov.br/APL/Legislativos/scpro1316.nsf/Internet/IndInt?OpenForm&Start=3268
[2016-09-30T11:02:02-03:00] - sleeping for 5sec...
[2016-09-30T11:02:07-03:00] - crawling URL: http://mail.camara.rj.gov.br/APL/Legislativos/scpro1316.nsf/Internet/IndInt?OpenForm&Start=3268
[2016-09-30T11:02:08-03:00] - SUCCESS: 100 projects
[2016-09-30T11:02:08-03:00] - next URL is OK: http://mail.camara.rj.gov.br/APL/Legislativos/scpro1316.nsf/Internet/IndInt?OpenForm&Start=3367
[2016-09-30T11:02:08-03:00] - sleeping for 5sec...
[2016-09-30T11:02:13-03:00] - crawling URL: http://mail.camara.rj.gov.br/APL/Legislativos/scpro1316.nsf/Internet/IndInt?OpenForm&Start=3367
[2016-09-30T11:02:13-03:00] - SUCCESS: 100 projects
[2016-09-30T11:02:13-03:00] - next URL is OK: http://mail.camara.rj.gov.br/APL/Legislativos/scpro1316.nsf/Internet/IndInt?OpenForm&Start=3466
[2016-09-30T11:02:13-03:00] - sleeping for 5sec...
[2016-09-30T11:02:18-03:00] - crawling URL: http://mail.camara.rj.gov.br/APL/Legislativos/scpro1316.nsf/Internet/IndInt?OpenForm&Start=3466
[2016-09-30T11:02:19-03:00] - SUCCESS: 100 projects
[2016-09-30T11:02:19-03:00] - next URL is OK: http://mail.camara.rj.gov.br/APL/Legislativos/scpro1316.nsf/Internet/IndInt?OpenForm&Start=3565
[2016-09-30T11:02:19-03:00] - sleeping for 5sec...
[2016-09-30T11:02:24-03:00] - crawling URL: http://mail.camara.rj.gov.br/APL/Legislativos/scpro1316.nsf/Internet/IndInt?OpenForm&Start=3565
[2016-09-30T11:02:24-03:00] - SUCCESS: 100 projects
[2016-09-30T11:02:24-03:00] - next URL is OK: http://mail.camara.rj.gov.br/APL/Legislativos/scpro1316.nsf/Internet/IndInt?OpenForm&Start=3664
[2016-09-30T11:02:24-03:00] - sleeping for 5sec...
[2016-09-30T11:02:29-03:00] - crawling URL: http://mail.camara.rj.gov.br/APL/Legislativos/scpro1316.nsf/Internet/IndInt?OpenForm&Start=3664
[2016-09-30T11:02:30-03:00] - SUCCESS: 100 projects
[2016-09-30T11:02:30-03:00] - next URL is OK: http://mail.camara.rj.gov.br/APL/Legislativos/scpro1316.nsf/Internet/IndInt?OpenForm&Start=3763
[2016-09-30T11:02:30-03:00] - sleeping for 5sec...
[2016-09-30T11:02:35-03:00] - crawling URL: http://mail.camara.rj.gov.br/APL/Legislativos/scpro1316.nsf/Internet/IndInt?OpenForm&Start=3763
[2016-09-30T11:02:35-03:00] - SUCCESS: 100 projects
[2016-09-30T11:02:35-03:00] - next URL is OK: http://mail.camara.rj.gov.br/APL/Legislativos/scpro1316.nsf/Internet/IndInt?OpenForm&Start=3862
[2016-09-30T11:02:35-03:00] - sleeping for 5sec...
[2016-09-30T11:02:40-03:00] - crawling URL: http://mail.camara.rj.gov.br/APL/Legislativos/scpro1316.nsf/Internet/IndInt?OpenForm&Start=3862
[2016-09-30T11:02:40-03:00] - SUCCESS: 100 projects
[2016-09-30T11:02:40-03:00] - next URL is OK: http://mail.camara.rj.gov.br/APL/Legislativos/scpro1316.nsf/Internet/IndInt?OpenForm&Start=3961
[2016-09-30T11:02:40-03:00] - sleeping for 5sec...
[2016-09-30T11:02:45-03:00] - crawling URL: http://mail.camara.rj.gov.br/APL/Legislativos/scpro1316.nsf/Internet/IndInt?OpenForm&Start=3961
[2016-09-30T11:02:46-03:00] - SUCCESS: 100 projects
[2016-09-30T11:02:46-03:00] - next URL is OK: http://mail.camara.rj.gov.br/APL/Legislativos/scpro1316.nsf/Internet/IndInt?OpenForm&Start=4060
[2016-09-30T11:02:46-03:00] - sleeping for 5sec...
[2016-09-30T11:02:51-03:00] - crawling URL: http://mail.camara.rj.gov.br/APL/Legislativos/scpro1316.nsf/Internet/IndInt?OpenForm&Start=4060
[2016-09-30T11:02:51-03:00] - SUCCESS: 100 projects
[2016-09-30T11:02:51-03:00] - next URL is OK: http://mail.camara.rj.gov.br/APL/Legislativos/scpro1316.nsf/Internet/IndInt?OpenForm&Start=4159
[2016-09-30T11:02:51-03:00] - sleeping for 5sec...
[2016-09-30T11:02:56-03:00] - crawling URL: http://mail.camara.rj.gov.br/APL/Legislativos/scpro1316.nsf/Internet/IndInt?OpenForm&Start=4159
[2016-09-30T11:02:57-03:00] - SUCCESS: 100 projects
[2016-09-30T11:02:57-03:00] - next URL is OK: http://mail.camara.rj.gov.br/APL/Legislativos/scpro1316.nsf/Internet/IndInt?OpenForm&Start=4258
[2016-09-30T11:02:57-03:00] - sleeping for 5sec...
[2016-09-30T11:03:02-03:00] - crawling URL: http://mail.camara.rj.gov.br/APL/Legislativos/scpro1316.nsf/Internet/IndInt?OpenForm&Start=4258
[2016-09-30T11:03:02-03:00] - SUCCESS: 100 projects
[2016-09-30T11:03:02-03:00] - next URL is OK: http://mail.camara.rj.gov.br/APL/Legislativos/scpro1316.nsf/Internet/IndInt?OpenForm&Start=4357
[2016-09-30T11:03:02-03:00] - sleeping for 5sec...
[2016-09-30T11:03:07-03:00] - crawling URL: http://mail.camara.rj.gov.br/APL/Legislativos/scpro1316.nsf/Internet/IndInt?OpenForm&Start=4357
[2016-09-30T11:03:09-03:00] - SUCCESS: 100 projects
[2016-09-30T11:03:09-03:00] - next URL is OK: http://mail.camara.rj.gov.br/APL/Legislativos/scpro1316.nsf/Internet/IndInt?OpenForm&Start=4456
[2016-09-30T11:03:09-03:00] - sleeping for 5sec...
[2016-09-30T11:03:14-03:00] - crawling URL: http://mail.camara.rj.gov.br/APL/Legislativos/scpro1316.nsf/Internet/IndInt?OpenForm&Start=4456
[2016-09-30T11:03:17-03:00] - SUCCESS: 100 projects
[2016-09-30T11:03:17-03:00] - next URL is OK: http://mail.camara.rj.gov.br/APL/Legislativos/scpro1316.nsf/Internet/IndInt?OpenForm&Start=4555
[2016-09-30T11:03:17-03:00] - sleeping for 5sec...
[2016-09-30T11:03:22-03:00] - crawling URL: http://mail.camara.rj.gov.br/APL/Legislativos/scpro1316.nsf/Internet/IndInt?OpenForm&Start=4555
[2016-09-30T11:03:25-03:00] - SUCCESS: 100 projects
[2016-09-30T11:03:25-03:00] - next URL is OK: http://mail.camara.rj.gov.br/APL/Legislativos/scpro1316.nsf/Internet/IndInt?OpenForm&Start=4654
[2016-09-30T11:03:25-03:00] - sleeping for 5sec...
[2016-09-30T11:03:30-03:00] - crawling URL: http://mail.camara.rj.gov.br/APL/Legislativos/scpro1316.nsf/Internet/IndInt?OpenForm&Start=4654
[2016-09-30T11:03:34-03:00] - SUCCESS: 100 projects
[2016-09-30T11:03:34-03:00] - next URL is OK: http://mail.camara.rj.gov.br/APL/Legislativos/scpro1316.nsf/Internet/IndInt?OpenForm&Start=4753
[2016-09-30T11:03:34-03:00] - sleeping for 5sec...
[2016-09-30T11:03:39-03:00] - crawling URL: http://mail.camara.rj.gov.br/APL/Legislativos/scpro1316.nsf/Internet/IndInt?OpenForm&Start=4753
[2016-09-30T11:03:39-03:00] - SUCCESS: 100 projects
[2016-09-30T11:03:39-03:00] - next URL is OK: http://mail.camara.rj.gov.br/APL/Legislativos/scpro1316.nsf/Internet/IndInt?OpenForm&Start=4852
[2016-09-30T11:03:39-03:00] - sleeping for 5sec...
[2016-09-30T11:03:44-03:00] - crawling URL: http://mail.camara.rj.gov.br/APL/Legislativos/scpro1316.nsf/Internet/IndInt?OpenForm&Start=4852
[2016-09-30T11:03:45-03:00] - SUCCESS: 100 projects
[2016-09-30T11:03:45-03:00] - next URL is OK: http://mail.camara.rj.gov.br/APL/Legislativos/scpro1316.nsf/Internet/IndInt?OpenForm&Start=4951
[2016-09-30T11:03:45-03:00] - sleeping for 5sec...
[2016-09-30T11:03:50-03:00] - crawling URL: http://mail.camara.rj.gov.br/APL/Legislativos/scpro1316.nsf/Internet/IndInt?OpenForm&Start=4951
[2016-09-30T11:03:50-03:00] - SUCCESS: 100 projects
[2016-09-30T11:03:50-03:00] - next URL is OK: http://mail.camara.rj.gov.br/APL/Legislativos/scpro1316.nsf/Internet/IndInt?OpenForm&Start=5050
[2016-09-30T11:03:50-03:00] - sleeping for 5sec...
[2016-09-30T11:03:55-03:00] - crawling URL: http://mail.camara.rj.gov.br/APL/Legislativos/scpro1316.nsf/Internet/IndInt?OpenForm&Start=5050
[2016-09-30T11:03:56-03:00] - SUCCESS: 100 projects
[2016-09-30T11:03:56-03:00] - next URL is OK: http://mail.camara.rj.gov.br/APL/Legislativos/scpro1316.nsf/Internet/IndInt?OpenForm&Start=5149
[2016-09-30T11:03:56-03:00] - sleeping for 5sec...
[2016-09-30T11:04:01-03:00] - crawling URL: http://mail.camara.rj.gov.br/APL/Legislativos/scpro1316.nsf/Internet/IndInt?OpenForm&Start=5149
[2016-09-30T11:04:01-03:00] - SUCCESS: 100 projects
[2016-09-30T11:04:01-03:00] - next URL is OK: http://mail.camara.rj.gov.br/APL/Legislativos/scpro1316.nsf/Internet/IndInt?OpenForm&Start=5248
[2016-09-30T11:04:01-03:00] - sleeping for 5sec...
[2016-09-30T11:04:06-03:00] - crawling URL: http://mail.camara.rj.gov.br/APL/Legislativos/scpro1316.nsf/Internet/IndInt?OpenForm&Start=5248
[2016-09-30T11:04:07-03:00] - SUCCESS: 100 projects
[2016-09-30T11:04:07-03:00] - next URL is OK: http://mail.camara.rj.gov.br/APL/Legislativos/scpro1316.nsf/Internet/IndInt?OpenForm&Start=5347
[2016-09-30T11:04:07-03:00] - sleeping for 5sec...
[2016-09-30T11:04:12-03:00] - crawling URL: http://mail.camara.rj.gov.br/APL/Legislativos/scpro1316.nsf/Internet/IndInt?OpenForm&Start=5347
[2016-09-30T11:04:12-03:00] - SUCCESS: 100 projects
[2016-09-30T11:04:12-03:00] - next URL is OK: http://mail.camara.rj.gov.br/APL/Legislativos/scpro1316.nsf/Internet/IndInt?OpenForm&Start=5446
[2016-09-30T11:04:12-03:00] - sleeping for 5sec...
[2016-09-30T11:04:17-03:00] - crawling URL: http://mail.camara.rj.gov.br/APL/Legislativos/scpro1316.nsf/Internet/IndInt?OpenForm&Start=5446
[2016-09-30T11:04:18-03:00] - SUCCESS: 100 projects
[2016-09-30T11:04:18-03:00] - next URL is OK: http://mail.camara.rj.gov.br/APL/Legislativos/scpro1316.nsf/Internet/IndInt?OpenForm&Start=5545
[2016-09-30T11:04:18-03:00] - sleeping for 5sec...
[2016-09-30T11:04:23-03:00] - crawling URL: http://mail.camara.rj.gov.br/APL/Legislativos/scpro1316.nsf/Internet/IndInt?OpenForm&Start=5545
[2016-09-30T11:04:23-03:00] - SUCCESS: 100 projects
[2016-09-30T11:04:23-03:00] - next URL is OK: http://mail.camara.rj.gov.br/APL/Legislativos/scpro1316.nsf/Internet/IndInt?OpenForm&Start=5644
[2016-09-30T11:04:23-03:00] - sleeping for 5sec...
[2016-09-30T11:04:28-03:00] - crawling URL: http://mail.camara.rj.gov.br/APL/Legislativos/scpro1316.nsf/Internet/IndInt?OpenForm&Start=5644
[2016-09-30T11:04:29-03:00] - SUCCESS: 100 projects
[2016-09-30T11:04:29-03:00] - next URL is OK: http://mail.camara.rj.gov.br/APL/Legislativos/scpro1316.nsf/Internet/IndInt?OpenForm&Start=5743
[2016-09-30T11:04:29-03:00] - sleeping for 5sec...
[2016-09-30T11:04:34-03:00] - crawling URL: http://mail.camara.rj.gov.br/APL/Legislativos/scpro1316.nsf/Internet/IndInt?OpenForm&Start=5743
[2016-09-30T11:04:34-03:00] - SUCCESS: 100 projects
[2016-09-30T11:04:34-03:00] - next URL is OK: http://mail.camara.rj.gov.br/APL/Legislativos/scpro1316.nsf/Internet/IndInt?OpenForm&Start=5842
[2016-09-30T11:04:34-03:00] - sleeping for 5sec...
[2016-09-30T11:04:39-03:00] - crawling URL: http://mail.camara.rj.gov.br/APL/Legislativos/scpro1316.nsf/Internet/IndInt?OpenForm&Start=5842
[2016-09-30T11:04:40-03:00] - SUCCESS: 100 projects
[2016-09-30T11:04:40-03:00] - next URL is OK: http://mail.camara.rj.gov.br/APL/Legislativos/scpro1316.nsf/Internet/IndInt?OpenForm&Start=5941
[2016-09-30T11:04:40-03:00] - sleeping for 5sec...
[2016-09-30T11:04:45-03:00] - crawling URL: http://mail.camara.rj.gov.br/APL/Legislativos/scpro1316.nsf/Internet/IndInt?OpenForm&Start=5941
[2016-09-30T11:04:45-03:00] - SUCCESS: 100 projects
[2016-09-30T11:04:45-03:00] - next URL is OK: http://mail.camara.rj.gov.br/APL/Legislativos/scpro1316.nsf/Internet/IndInt?OpenForm&Start=6040
[2016-09-30T11:04:45-03:00] - sleeping for 5sec...
[2016-09-30T11:04:50-03:00] - crawling URL: http://mail.camara.rj.gov.br/APL/Legislativos/scpro1316.nsf/Internet/IndInt?OpenForm&Start=6040
[2016-09-30T11:04:50-03:00] - SUCCESS: 100 projects
[2016-09-30T11:04:50-03:00] - next URL is OK: http://mail.camara.rj.gov.br/APL/Legislativos/scpro1316.nsf/Internet/IndInt?OpenForm&Start=6139
[2016-09-30T11:04:50-03:00] - sleeping for 5sec...
[2016-09-30T11:04:55-03:00] - crawling URL: http://mail.camara.rj.gov.br/APL/Legislativos/scpro1316.nsf/Internet/IndInt?OpenForm&Start=6139
[2016-09-30T11:04:56-03:00] - SUCCESS: 100 projects
[2016-09-30T11:04:56-03:00] - next URL is OK: http://mail.camara.rj.gov.br/APL/Legislativos/scpro1316.nsf/Internet/IndInt?OpenForm&Start=6238
[2016-09-30T11:04:56-03:00] - sleeping for 5sec...
[2016-09-30T11:05:01-03:00] - crawling URL: http://mail.camara.rj.gov.br/APL/Legislativos/scpro1316.nsf/Internet/IndInt?OpenForm&Start=6238
[2016-09-30T11:05:02-03:00] - SUCCESS: 100 projects
[2016-09-30T11:05:02-03:00] - next URL is OK: http://mail.camara.rj.gov.br/APL/Legislativos/scpro1316.nsf/Internet/IndInt?OpenForm&Start=6337
[2016-09-30T11:05:02-03:00] - sleeping for 5sec...
[2016-09-30T11:05:07-03:00] - crawling URL: http://mail.camara.rj.gov.br/APL/Legislativos/scpro1316.nsf/Internet/IndInt?OpenForm&Start=6337
[2016-09-30T11:05:07-03:00] - SUCCESS: 100 projects
[2016-09-30T11:05:07-03:00] - next URL is OK: http://mail.camara.rj.gov.br/APL/Legislativos/scpro1316.nsf/Internet/IndInt?OpenForm&Start=6436
[2016-09-30T11:05:07-03:00] - sleeping for 5sec...
[2016-09-30T11:05:12-03:00] - crawling URL: http://mail.camara.rj.gov.br/APL/Legislativos/scpro1316.nsf/Internet/IndInt?OpenForm&Start=6436
[2016-09-30T11:05:13-03:00] - SUCCESS: 100 projects
[2016-09-30T11:05:13-03:00] - next URL is OK: http://mail.camara.rj.gov.br/APL/Legislativos/scpro1316.nsf/Internet/IndInt?OpenForm&Start=6535
[2016-09-30T11:05:13-03:00] - sleeping for 5sec...
[2016-09-30T11:05:18-03:00] - crawling URL: http://mail.camara.rj.gov.br/APL/Legislativos/scpro1316.nsf/Internet/IndInt?OpenForm&Start=6535
[2016-09-30T11:05:18-03:00] - SUCCESS: 100 projects
[2016-09-30T11:05:18-03:00] - next URL is OK: http://mail.camara.rj.gov.br/APL/Legislativos/scpro1316.nsf/Internet/IndInt?OpenForm&Start=6634
[2016-09-30T11:05:18-03:00] - sleeping for 5sec...
[2016-09-30T11:05:23-03:00] - crawling URL: http://mail.camara.rj.gov.br/APL/Legislativos/scpro1316.nsf/Internet/IndInt?OpenForm&Start=6634
[2016-09-30T11:05:24-03:00] - SUCCESS: 100 projects
[2016-09-30T11:05:24-03:00] - next URL is OK: http://mail.camara.rj.gov.br/APL/Legislativos/scpro1316.nsf/Internet/IndInt?OpenForm&Start=6733
[2016-09-30T11:05:24-03:00] - sleeping for 5sec...
[2016-09-30T11:05:29-03:00] - crawling URL: http://mail.camara.rj.gov.br/APL/Legislativos/scpro1316.nsf/Internet/IndInt?OpenForm&Start=6733
[2016-09-30T11:05:29-03:00] - SUCCESS: 100 projects
[2016-09-30T11:05:29-03:00] - next URL is OK: http://mail.camara.rj.gov.br/APL/Legislativos/scpro1316.nsf/Internet/IndInt?OpenForm&Start=6832
[2016-09-30T11:05:29-03:00] - sleeping for 5sec...
[2016-09-30T11:05:34-03:00] - crawling URL: http://mail.camara.rj.gov.br/APL/Legislativos/scpro1316.nsf/Internet/IndInt?OpenForm&Start=6832
[2016-09-30T11:05:35-03:00] - SUCCESS: 100 projects
[2016-09-30T11:05:35-03:00] - next URL is OK: http://mail.camara.rj.gov.br/APL/Legislativos/scpro1316.nsf/Internet/IndInt?OpenForm&Start=6931
[2016-09-30T11:05:35-03:00] - sleeping for 5sec...
[2016-09-30T11:05:40-03:00] - crawling URL: http://mail.camara.rj.gov.br/APL/Legislativos/scpro1316.nsf/Internet/IndInt?OpenForm&Start=6931
[2016-09-30T11:05:41-03:00] - SUCCESS: 100 projects
[2016-09-30T11:05:41-03:00] - next URL is OK: http://mail.camara.rj.gov.br/APL/Legislativos/scpro1316.nsf/Internet/IndInt?OpenForm&Start=7030
[2016-09-30T11:05:41-03:00] - sleeping for 5sec...
[2016-09-30T11:05:46-03:00] - crawling URL: http://mail.camara.rj.gov.br/APL/Legislativos/scpro1316.nsf/Internet/IndInt?OpenForm&Start=7030
[2016-09-30T11:05:47-03:00] - SUCCESS: 100 projects
[2016-09-30T11:05:47-03:00] - next URL is OK: http://mail.camara.rj.gov.br/APL/Legislativos/scpro1316.nsf/Internet/IndInt?OpenForm&Start=7129
[2016-09-30T11:05:47-03:00] - sleeping for 5sec...
[2016-09-30T11:05:52-03:00] - crawling URL: http://mail.camara.rj.gov.br/APL/Legislativos/scpro1316.nsf/Internet/IndInt?OpenForm&Start=7129
[2016-09-30T11:05:52-03:00] - SUCCESS: 100 projects
[2016-09-30T11:05:52-03:00] - next URL is OK: http://mail.camara.rj.gov.br/APL/Legislativos/scpro1316.nsf/Internet/IndInt?OpenForm&Start=7228
[2016-09-30T11:05:52-03:00] - sleeping for 5sec...
[2016-09-30T11:05:57-03:00] - crawling URL: http://mail.camara.rj.gov.br/APL/Legislativos/scpro1316.nsf/Internet/IndInt?OpenForm&Start=7228
[2016-09-30T11:05:58-03:00] - SUCCESS: 100 projects
[2016-09-30T11:05:58-03:00] - next URL is OK: http://mail.camara.rj.gov.br/APL/Legislativos/scpro1316.nsf/Internet/IndInt?OpenForm&Start=7327
[2016-09-30T11:05:58-03:00] - sleeping for 5sec...
[2016-09-30T11:06:03-03:00] - crawling URL: http://mail.camara.rj.gov.br/APL/Legislativos/scpro1316.nsf/Internet/IndInt?OpenForm&Start=7327
[2016-09-30T11:06:03-03:00] - SUCCESS: 100 projects
[2016-09-30T11:06:03-03:00] - next URL is OK: http://mail.camara.rj.gov.br/APL/Legislativos/scpro1316.nsf/Internet/IndInt?OpenForm&Start=7426
[2016-09-30T11:06:03-03:00] - sleeping for 5sec...
[2016-09-30T11:06:08-03:00] - crawling URL: http://mail.camara.rj.gov.br/APL/Legislativos/scpro1316.nsf/Internet/IndInt?OpenForm&Start=7426
[2016-09-30T11:06:09-03:00] - SUCCESS: 100 projects
[2016-09-30T11:06:09-03:00] - next URL is OK: http://mail.camara.rj.gov.br/APL/Legislativos/scpro1316.nsf/Internet/IndInt?OpenForm&Start=7525
[2016-09-30T11:06:09-03:00] - sleeping for 5sec...
[2016-09-30T11:06:14-03:00] - crawling URL: http://mail.camara.rj.gov.br/APL/Legislativos/scpro1316.nsf/Internet/IndInt?OpenForm&Start=7525
[2016-09-30T11:06:14-03:00] - SUCCESS: 100 projects
[2016-09-30T11:06:14-03:00] - next URL is OK: http://mail.camara.rj.gov.br/APL/Legislativos/scpro1316.nsf/Internet/IndInt?OpenForm&Start=7624
[2016-09-30T11:06:14-03:00] - sleeping for 5sec...
[2016-09-30T11:06:19-03:00] - crawling URL: http://mail.camara.rj.gov.br/APL/Legislativos/scpro1316.nsf/Internet/IndInt?OpenForm&Start=7624
[2016-09-30T11:06:19-03:00] - SUCCESS: 100 projects
[2016-09-30T11:06:19-03:00] - next URL is OK: http://mail.camara.rj.gov.br/APL/Legislativos/scpro1316.nsf/Internet/IndInt?OpenForm&Start=7723
[2016-09-30T11:06:19-03:00] - sleeping for 5sec...
[2016-09-30T11:06:24-03:00] - crawling URL: http://mail.camara.rj.gov.br/APL/Legislativos/scpro1316.nsf/Internet/IndInt?OpenForm&Start=7723
[2016-09-30T11:06:25-03:00] - SUCCESS: 100 projects
[2016-09-30T11:06:25-03:00] - next URL is OK: http://mail.camara.rj.gov.br/APL/Legislativos/scpro1316.nsf/Internet/IndInt?OpenForm&Start=7822
[2016-09-30T11:06:25-03:00] - sleeping for 5sec...
[2016-09-30T11:06:30-03:00] - crawling URL: http://mail.camara.rj.gov.br/APL/Legislativos/scpro1316.nsf/Internet/IndInt?OpenForm&Start=7822
[2016-09-30T11:06:30-03:00] - SUCCESS: 100 projects
[2016-09-30T11:06:30-03:00] - next URL is OK: http://mail.camara.rj.gov.br/APL/Legislativos/scpro1316.nsf/Internet/IndInt?OpenForm&Start=7921
[2016-09-30T11:06:30-03:00] - sleeping for 5sec...
[2016-09-30T11:06:35-03:00] - crawling URL: http://mail.camara.rj.gov.br/APL/Legislativos/scpro1316.nsf/Internet/IndInt?OpenForm&Start=7921
[2016-09-30T11:06:36-03:00] - SUCCESS: 100 projects
[2016-09-30T11:06:36-03:00] - next URL is OK: http://mail.camara.rj.gov.br/APL/Legislativos/scpro1316.nsf/Internet/IndInt?OpenForm&Start=8020
[2016-09-30T11:06:36-03:00] - sleeping for 5sec...
[2016-09-30T11:06:41-03:00] - crawling URL: http://mail.camara.rj.gov.br/APL/Legislativos/scpro1316.nsf/Internet/IndInt?OpenForm&Start=8020
[2016-09-30T11:06:42-03:00] - SUCCESS: 100 projects
[2016-09-30T11:06:42-03:00] - next URL is OK: http://mail.camara.rj.gov.br/APL/Legislativos/scpro1316.nsf/Internet/IndInt?OpenForm&Start=8119
[2016-09-30T11:06:42-03:00] - sleeping for 5sec...
[2016-09-30T11:06:47-03:00] - crawling URL: http://mail.camara.rj.gov.br/APL/Legislativos/scpro1316.nsf/Internet/IndInt?OpenForm&Start=8119
[2016-09-30T11:06:47-03:00] - SUCCESS: 100 projects
[2016-09-30T11:06:47-03:00] - next URL is OK: http://mail.camara.rj.gov.br/APL/Legislativos/scpro1316.nsf/Internet/IndInt?OpenForm&Start=8218
[2016-09-30T11:06:47-03:00] - sleeping for 5sec...
[2016-09-30T11:06:52-03:00] - crawling URL: http://mail.camara.rj.gov.br/APL/Legislativos/scpro1316.nsf/Internet/IndInt?OpenForm&Start=8218
[2016-09-30T11:06:53-03:00] - SUCCESS: 100 projects
[2016-09-30T11:06:53-03:00] - next URL is OK: http://mail.camara.rj.gov.br/APL/Legislativos/scpro1316.nsf/Internet/IndInt?OpenForm&Start=8317
[2016-09-30T11:06:53-03:00] - sleeping for 5sec...
[2016-09-30T11:06:58-03:00] - crawling URL: http://mail.camara.rj.gov.br/APL/Legislativos/scpro1316.nsf/Internet/IndInt?OpenForm&Start=8317
[2016-09-30T11:06:58-03:00] - SUCCESS: 100 projects
[2016-09-30T11:06:58-03:00] - next URL is OK: http://mail.camara.rj.gov.br/APL/Legislativos/scpro1316.nsf/Internet/IndInt?OpenForm&Start=8416
[2016-09-30T11:06:58-03:00] - sleeping for 5sec...
[2016-09-30T11:07:03-03:00] - crawling URL: http://mail.camara.rj.gov.br/APL/Legislativos/scpro1316.nsf/Internet/IndInt?OpenForm&Start=8416
[2016-09-30T11:07:04-03:00] - SUCCESS: 100 projects
[2016-09-30T11:07:04-03:00] - next URL is OK: http://mail.camara.rj.gov.br/APL/Legislativos/scpro1316.nsf/Internet/IndInt?OpenForm&Start=8515
[2016-09-30T11:07:04-03:00] - sleeping for 5sec...
[2016-09-30T11:07:09-03:00] - crawling URL: http://mail.camara.rj.gov.br/APL/Legislativos/scpro1316.nsf/Internet/IndInt?OpenForm&Start=8515
[2016-09-30T11:07:09-03:00] - SUCCESS: 100 projects
[2016-09-30T11:07:09-03:00] - next URL is OK: http://mail.camara.rj.gov.br/APL/Legislativos/scpro1316.nsf/Internet/IndInt?OpenForm&Start=8614
[2016-09-30T11:07:09-03:00] - sleeping for 5sec...
[2016-09-30T11:07:14-03:00] - crawling URL: http://mail.camara.rj.gov.br/APL/Legislativos/scpro1316.nsf/Internet/IndInt?OpenForm&Start=8614
[2016-09-30T11:07:15-03:00] - SUCCESS: 100 projects
[2016-09-30T11:07:15-03:00] - next URL is OK: http://mail.camara.rj.gov.br/APL/Legislativos/scpro1316.nsf/Internet/IndInt?OpenForm&Start=8713
[2016-09-30T11:07:15-03:00] - sleeping for 5sec...
[2016-09-30T11:07:20-03:00] - crawling URL: http://mail.camara.rj.gov.br/APL/Legislativos/scpro1316.nsf/Internet/IndInt?OpenForm&Start=8713
[2016-09-30T11:07:20-03:00] - SUCCESS: 100 projects
[2016-09-30T11:07:20-03:00] - next URL is OK: http://mail.camara.rj.gov.br/APL/Legislativos/scpro1316.nsf/Internet/IndInt?OpenForm&Start=8812
[2016-09-30T11:07:20-03:00] - sleeping for 5sec...
[2016-09-30T11:07:25-03:00] - crawling URL: http://mail.camara.rj.gov.br/APL/Legislativos/scpro1316.nsf/Internet/IndInt?OpenForm&Start=8812
[2016-09-30T11:07:26-03:00] - SUCCESS: 100 projects
[2016-09-30T11:07:26-03:00] - next URL is OK: http://mail.camara.rj.gov.br/APL/Legislativos/scpro1316.nsf/Internet/IndInt?OpenForm&Start=8911
[2016-09-30T11:07:26-03:00] - sleeping for 5sec...
[2016-09-30T11:07:31-03:00] - crawling URL: http://mail.camara.rj.gov.br/APL/Legislativos/scpro1316.nsf/Internet/IndInt?OpenForm&Start=8911
[2016-09-30T11:07:31-03:00] - SUCCESS: 100 projects
[2016-09-30T11:07:31-03:00] - next URL is OK: http://mail.camara.rj.gov.br/APL/Legislativos/scpro1316.nsf/Internet/IndInt?OpenForm&Start=9010
[2016-09-30T11:07:31-03:00] - sleeping for 5sec...
[2016-09-30T11:07:36-03:00] - crawling URL: http://mail.camara.rj.gov.br/APL/Legislativos/scpro1316.nsf/Internet/IndInt?OpenForm&Start=9010
[2016-09-30T11:07:37-03:00] - SUCCESS: 100 projects
[2016-09-30T11:07:37-03:00] - next URL is OK: http://mail.camara.rj.gov.br/APL/Legislativos/scpro1316.nsf/Internet/IndInt?OpenForm&Start=9109
[2016-09-30T11:07:37-03:00] - sleeping for 5sec...
[2016-09-30T11:07:42-03:00] - crawling URL: http://mail.camara.rj.gov.br/APL/Legislativos/scpro1316.nsf/Internet/IndInt?OpenForm&Start=9109
[2016-09-30T11:07:42-03:00] - SUCCESS: 100 projects
[2016-09-30T11:07:42-03:00] - next URL is OK: http://mail.camara.rj.gov.br/APL/Legislativos/scpro1316.nsf/Internet/IndInt?OpenForm&Start=9208
[2016-09-30T11:07:42-03:00] - sleeping for 5sec...
[2016-09-30T11:07:47-03:00] - crawling URL: http://mail.camara.rj.gov.br/APL/Legislativos/scpro1316.nsf/Internet/IndInt?OpenForm&Start=9208
[2016-09-30T11:07:48-03:00] - SUCCESS: 100 projects
[2016-09-30T11:07:48-03:00] - next URL is OK: http://mail.camara.rj.gov.br/APL/Legislativos/scpro1316.nsf/Internet/IndInt?OpenForm&Start=9307
[2016-09-30T11:07:48-03:00] - sleeping for 5sec...
[2016-09-30T11:07:53-03:00] - crawling URL: http://mail.camara.rj.gov.br/APL/Legislativos/scpro1316.nsf/Internet/IndInt?OpenForm&Start=9307
[2016-09-30T11:07:53-03:00] - SUCCESS: 100 projects
[2016-09-30T11:07:53-03:00] - next URL is OK: http://mail.camara.rj.gov.br/APL/Legislativos/scpro1316.nsf/Internet/IndInt?OpenForm&Start=9406
[2016-09-30T11:07:53-03:00] - sleeping for 5sec...
[2016-09-30T11:07:58-03:00] - crawling URL: http://mail.camara.rj.gov.br/APL/Legislativos/scpro1316.nsf/Internet/IndInt?OpenForm&Start=9406
[2016-09-30T11:07:59-03:00] - SUCCESS: 100 projects
[2016-09-30T11:07:59-03:00] - next URL is OK: http://mail.camara.rj.gov.br/APL/Legislativos/scpro1316.nsf/Internet/IndInt?OpenForm&Start=9505
[2016-09-30T11:07:59-03:00] - sleeping for 5sec...
[2016-09-30T11:08:04-03:00] - crawling URL: http://mail.camara.rj.gov.br/APL/Legislativos/scpro1316.nsf/Internet/IndInt?OpenForm&Start=9505
[2016-09-30T11:08:04-03:00] - SUCCESS: 100 projects
[2016-09-30T11:08:04-03:00] - next URL is OK: http://mail.camara.rj.gov.br/APL/Legislativos/scpro1316.nsf/Internet/IndInt?OpenForm&Start=9604
[2016-09-30T11:08:04-03:00] - sleeping for 5sec...
[2016-09-30T11:08:09-03:00] - crawling URL: http://mail.camara.rj.gov.br/APL/Legislativos/scpro1316.nsf/Internet/IndInt?OpenForm&Start=9604
[2016-09-30T11:08:10-03:00] - SUCCESS: 100 projects
[2016-09-30T11:08:10-03:00] - next URL is OK: http://mail.camara.rj.gov.br/APL/Legislativos/scpro1316.nsf/Internet/IndInt?OpenForm&Start=9703
[2016-09-30T11:08:10-03:00] - sleeping for 5sec...
[2016-09-30T11:08:15-03:00] - crawling URL: http://mail.camara.rj.gov.br/APL/Legislativos/scpro1316.nsf/Internet/IndInt?OpenForm&Start=9703
[2016-09-30T11:08:15-03:00] - SUCCESS: 100 projects
[2016-09-30T11:08:15-03:00] - next URL is OK: http://mail.camara.rj.gov.br/APL/Legislativos/scpro1316.nsf/Internet/IndInt?OpenForm&Start=9802
[2016-09-30T11:08:15-03:00] - sleeping for 5sec...
[2016-09-30T11:08:20-03:00] - crawling URL: http://mail.camara.rj.gov.br/APL/Legislativos/scpro1316.nsf/Internet/IndInt?OpenForm&Start=9802
[2016-09-30T11:08:21-03:00] - SUCCESS: 100 projects
[2016-09-30T11:08:21-03:00] - next URL is OK: http://mail.camara.rj.gov.br/APL/Legislativos/scpro1316.nsf/Internet/IndInt?OpenForm&Start=9901
[2016-09-30T11:08:21-03:00] - sleeping for 5sec...
[2016-09-30T11:08:26-03:00] - crawling URL: http://mail.camara.rj.gov.br/APL/Legislativos/scpro1316.nsf/Internet/IndInt?OpenForm&Start=9901
[2016-09-30T11:08:26-03:00] - SUCCESS: 100 projects
[2016-09-30T11:08:26-03:00] - next URL is OK: http://mail.camara.rj.gov.br/APL/Legislativos/scpro1316.nsf/Internet/IndInt?OpenForm&Start=10000
[2016-09-30T11:08:26-03:00] - sleeping for 5sec...
[2016-09-30T11:08:31-03:00] - crawling URL: http://mail.camara.rj.gov.br/APL/Legislativos/scpro1316.nsf/Internet/IndInt?OpenForm&Start=10000
[2016-09-30T11:08:32-03:00] - SUCCESS: 100 projects
[2016-09-30T11:08:32-03:00] - next URL is OK: http://mail.camara.rj.gov.br/APL/Legislativos/scpro1316.nsf/Internet/IndInt?OpenForm&Start=10099
[2016-09-30T11:08:32-03:00] - sleeping for 5sec...
[2016-09-30T11:08:37-03:00] - crawling URL: http://mail.camara.rj.gov.br/APL/Legislativos/scpro1316.nsf/Internet/IndInt?OpenForm&Start=10099
[2016-09-30T11:08:37-03:00] - SUCCESS: 100 projects
[2016-09-30T11:08:37-03:00] - next URL is OK: http://mail.camara.rj.gov.br/APL/Legislativos/scpro1316.nsf/Internet/IndInt?OpenForm&Start=10198
[2016-09-30T11:08:37-03:00] - sleeping for 5sec...
[2016-09-30T11:08:42-03:00] - crawling URL: http://mail.camara.rj.gov.br/APL/Legislativos/scpro1316.nsf/Internet/IndInt?OpenForm&Start=10198
[2016-09-30T11:08:43-03:00] - SUCCESS: 100 projects
[2016-09-30T11:08:43-03:00] - next URL is OK: http://mail.camara.rj.gov.br/APL/Legislativos/scpro1316.nsf/Internet/IndInt?OpenForm&Start=10297
[2016-09-30T11:08:43-03:00] - sleeping for 5sec...
[2016-09-30T11:08:48-03:00] - crawling URL: http://mail.camara.rj.gov.br/APL/Legislativos/scpro1316.nsf/Internet/IndInt?OpenForm&Start=10297
[2016-09-30T11:08:49-03:00] - SUCCESS: 100 projects
[2016-09-30T11:08:49-03:00] - next URL is OK: http://mail.camara.rj.gov.br/APL/Legislativos/scpro1316.nsf/Internet/IndInt?OpenForm&Start=10396
[2016-09-30T11:08:49-03:00] - sleeping for 5sec...
[2016-09-30T11:08:54-03:00] - crawling URL: http://mail.camara.rj.gov.br/APL/Legislativos/scpro1316.nsf/Internet/IndInt?OpenForm&Start=10396
[2016-09-30T11:08:54-03:00] - SUCCESS: 100 projects
[2016-09-30T11:08:54-03:00] - next URL is OK: http://mail.camara.rj.gov.br/APL/Legislativos/scpro1316.nsf/Internet/IndInt?OpenForm&Start=10495
[2016-09-30T11:08:54-03:00] - sleeping for 5sec...
[2016-09-30T11:08:59-03:00] - crawling URL: http://mail.camara.rj.gov.br/APL/Legislativos/scpro1316.nsf/Internet/IndInt?OpenForm&Start=10495
[2016-09-30T11:08:59-03:00] - SUCCESS: 34 projects
[2016-09-30T11:08:59-03:00] - next URL is OK: http://mail.camara.rj.gov.br/APL/Legislativos/scpro1316.nsf/Internet/IndInt?OpenForm&Start=10528
[2016-09-30T11:08:59-03:00] - sleeping for 5sec...
[2016-09-30T11:09:04-03:00] - crawling URL: http://mail.camara.rj.gov.br/APL/Legislativos/scpro1316.nsf/Internet/IndInt?OpenForm&Start=10528
[2016-09-30T11:09:05-03:00] - SUCCESS: 1 projects
[2016-09-30T11:09:05-03:00] - WARNING! Next URL is the same, this means we've reached the end OR we're being rate limited
[2016-09-30T11:09:05-03:00] - terminating...
